Detecting compiler hash for triplet x64-linux...
Compiler found: /usr/bin/c++
The following packages will be built and installed:
    glew:x64-linux@2.2.0 -- /home/seraph/bin/vcpkg/buildtrees/versioning_/versions/glew/3211ed09c36542372ab3f1f690a42e2edbb072bc
    glfw3:x64-linux@3.3.8#1 -- /home/seraph/bin/vcpkg/buildtrees/versioning_/versions/glfw3/7e79d23866b44b1f40d766b690baa6f1d9cca7fd
    glm:x64-linux@0.9.9.8#1 -- /home/seraph/bin/vcpkg/buildtrees/versioning_/versions/glm/4aafac80f39a72fadaf6a31afb961790678062de
  * opengl:x64-linux@2022-03-14 -- /home/seraph/bin/vcpkg/buildtrees/versioning_/versions/opengl/6778094e7a9e5027545a46af473d27ce28890c53
    stb:x64-linux@2021-09-10 -- /home/seraph/bin/vcpkg/buildtrees/versioning_/versions/stb/2da639ecba7048e0f722dc01fae6cef32d671991
    vcpkg-cmake:x64-linux@2022-07-02 -- /home/seraph/bin/vcpkg/buildtrees/versioning_/versions/vcpkg-cmake/94abbd71a7fe495e883b13c077312f6d419cbc41
    vcpkg-cmake-config:x64-linux@2022-02-06#1 -- /home/seraph/bin/vcpkg/buildtrees/versioning_/versions/vcpkg-cmake-config/8d54cc4f487d51b655abec5f9c9c3f86ca83311f
Additional packages (*) will be modified to complete this operation.
Restored 7 package(s) from /home/seraph/.cache/vcpkg/archives in 27.3 ms. Use --debug to see more details.
Installing 1/7 vcpkg-cmake-config:x64-linux@2022-02-06#1...
Elapsed time to handle vcpkg-cmake-config:x64-linux: 299 us
vcpkg-cmake-config:x64-linux package ABI: 5eaf6873008e5cdc22ba34874987981f51c5a49fa1470158bfe81a81dd950a91
Installing 2/7 vcpkg-cmake:x64-linux@2022-07-02...
Elapsed time to handle vcpkg-cmake:x64-linux: 256 us
vcpkg-cmake:x64-linux package ABI: 01ee26bbf84312c2b24130d0963d7143c377ef1085b97e1b79f70b0d4ef361da
Installing 3/7 opengl:x64-linux@2022-03-14...
Elapsed time to handle opengl:x64-linux: 198 us
opengl:x64-linux package ABI: ca8b9b9c3ff37cab2a42075714eb6242588d24d0b2614f718599b82d95527bc2
Installing 4/7 glew:x64-linux@2.2.0...
Elapsed time to handle glew:x64-linux: 458 us
glew:x64-linux package ABI: 988f61004edc36efc7244576e91219e50f0337fa9b5fab8a5b6143863b4049c1
Installing 5/7 glfw3:x64-linux@3.3.8#1...
Elapsed time to handle glfw3:x64-linux: 437 us
glfw3:x64-linux package ABI: 084594ee8f001033c2a01ddbb66562b217c959284618c15b9d191d9bd3d1aa33
Installing 6/7 glm:x64-linux@0.9.9.8#1...
Elapsed time to handle glm:x64-linux: 4.13 ms
glm:x64-linux package ABI: e4412c13e720e1b00dcbd73e78a1334a70745dc08be98383cec7230a0b7f954b
Installing 7/7 stb:x64-linux@2021-09-10...
Elapsed time to handle stb:x64-linux: 515 us
stb:x64-linux package ABI: b4aebe4408b8f1ee2e0cd36d239c811bc9c41b74f0c41a8bdfd635c80bea0c23
Total install time: 6.33 ms
The package glew is compatible with built-in CMake targets:

    find_package(GLEW REQUIRED)
    target_link_libraries(main PRIVATE GLEW::GLEW)

glfw3 provides CMake targets:

  # this is heuristically generated, and may not be correct
  find_package(glfw3 CONFIG REQUIRED)
  target_link_libraries(main PRIVATE glfw)

glfw3 provides pkg-config modules:

  # A multi-platform library for OpenGL, window and input
  glfw3

glm provides CMake targets:

  # this is heuristically generated, and may not be correct
  find_package(glm CONFIG REQUIRED)
  target_link_libraries(main PRIVATE glm::glm)

stb is header-only and can be used from CMake via:

  find_path(STB_INCLUDE_DIRS "stb_c_lexer.h")
  target_include_directories(main PRIVATE ${STB_INCLUDE_DIRS})

